f:\githubcoderepo\directx11-pratices\engine\engine\debug\vc140.pdb
f:\githubcoderepo\directx11-pratices\engine\engine\debug\vc140.idb
f:\githubcoderepo\directx11-pratices\engine\engine\debug\camera.obj
f:\githubcoderepo\directx11-pratices\engine\engine\debug\d3d.obj
f:\githubcoderepo\directx11-pratices\engine\engine\debug\graphics.obj
f:\githubcoderepo\directx11-pratices\engine\engine\debug\input.obj
f:\githubcoderepo\directx11-pratices\engine\engine\debug\main.obj
f:\githubcoderepo\directx11-pratices\engine\engine\debug\model.obj
f:\githubcoderepo\directx11-pratices\engine\engine\debug\shader.obj
f:\githubcoderepo\directx11-pratices\engine\engine\debug\system.obj
f:\githubcoderepo\directx11-pratices\engine\debug\engine.pdb
f:\githubcoderepo\directx11-pratices\engine\engine\debug\engine.tlog\cl.command.1.tlog
f:\githubcoderepo\directx11-pratices\engine\engine\debug\engine.tlog\cl.read.1.tlog
f:\githubcoderepo\directx11-pratices\engine\engine\debug\engine.tlog\cl.write.1.tlog
f:\githubcoderepo\directx11-pratices\engine\engine\debug\engine.tlog\link-cvtres.read.1.tlog
f:\githubcoderepo\directx11-pratices\engine\engine\debug\engine.tlog\link-cvtres.write.1.tlog
f:\githubcoderepo\directx11-pratices\engine\engine\debug\engine.tlog\link-rc.read.1.tlog
f:\githubcoderepo\directx11-pratices\engine\engine\debug\engine.tlog\link-rc.write.1.tlog
f:\githubcoderepo\directx11-pratices\engine\engine\debug\engine.tlog\link.command.1.tlog
f:\githubcoderepo\directx11-pratices\engine\engine\debug\engine.tlog\link.read.1.tlog
f:\githubcoderepo\directx11-pratices\engine\engine\debug\engine.tlog\link.write.1.tlog
